2021-04-14 16:33:36 pid:6553 Workerman[test.php] start in DEBUG mode
2021-04-14 16:34:01 pid:6553 Workerman[test.php] stopping ...
2021-04-14 16:34:01 pid:6553 Workerman[test.php] has been stopped
2021-04-14 16:34:20 pid:6559 Workerman[test.php] start in DEBUG mode
2021-04-14 16:34:33 pid:6559 Workerman[test.php] stopping ...
2021-04-14 16:34:33 pid:6559 Workerman[test.php] has been stopped
2021-04-14 16:37:44 pid:6572 Workerman[test.php] start in DEBUG mode
2021-04-14 16:37:45 pid:6573 Worker[6573] process terminated with ERROR: E_ERROR "Uncaught Error: Access to undeclared static property: Workerman\Worker::$id in /root/www/concurrent/php/workerman/test.php:13
Stack trace:
#0 /root/www/concurrent/php/workerman/Workerman-master/Events/Select.php(232): {closure}()
#1 /root/www/concurrent/php/workerman/Workerman-master/Events/Select.php(282): Workerman\Events\Select->tick()
#2 /root/www/concurrent/php/workerman/Workerman-master/Worker.php(2419): Workerman\Events\Select->loop()
#3 /root/www/concurrent/php/workerman/Workerman-master/Worker.php(1543): Workerman\Worker->run()
#4 /root/www/concurrent/php/workerman/Workerman-master/Worker.php(1373): Workerman\Worker::forkOneWorkerForLinux(Object(Workerman\Worker))
#5 /root/www/concurrent/php/workerman/Workerman-master/Worker.php(1347): Workerman\Worker::forkWorkersForLinux()
#6 /root/www/concurrent/php/workerman/Workerman-master/Worker.php(542): Workerman\Worker::forkWorkers()
#7 /root/www/concurrent/php/workerman/test.php(19): Workerman\Worker::runAll()
#8 {main}
  thrown in /root/www/concurrent/php/workerman/test.php on line 13"
2021-04-14 16:37:45 pid:6576 Worker[6576] process terminated with ERROR: E_ERROR "Uncaught Error: Access to undeclared static property: Workerman\Worker::$id in /root/www/concurrent/php/workerman/test.php:13
Stack trace:
#0 /root/www/concurrent/php/workerman/Workerman-master/Events/Select.php(232): {closure}()
#1 /root/www/concurrent/php/workerman/Workerman-master/Events/Select.php(282): Workerman\Events\Select->tick()
#2 /root/www/concurrent/php/workerman/Workerman-master/Worker.php(2419): Workerman\Events\Select->loop()
#3 /root/www/concurrent/php/workerman/Workerman-master/Worker.php(1543): Workerman\Worker->run()
#4 /root/www/concurrent/php/workerman/Workerman-master/Worker.php(1373): Workerman\Worker::forkOneWorkerForLinux(Object(Workerman\Worker))
#5 /root/www/concurrent/php/workerman/Workerman-master/Worker.php(1347): Workerman\Worker::forkWorkersForLinux()
#6 /root/www/concurrent/php/workerman/Workerman-master/Worker.php(542): Workerman\Worker::forkWorkers()
#7 /root/www/concurrent/php/workerman/test.php(19): Workerman\Worker::runAll()
#8 {main}
  thrown in /root/www/concurrent/php/workerman/test.php on line 13"
2021-04-14 16:37:45 pid:6575 Worker[6575] process terminated with ERROR: E_ERROR "Uncaught Error: Access to undeclared static property: Workerman\Worker::$id in /root/www/concurrent/php/workerman/test.php:13
Stack trace:
#0 /root/www/concurrent/php/workerman/Workerman-master/Events/Select.php(232): {closure}()
#1 /root/www/concurrent/php/workerman/Workerman-master/Events/Select.php(282): Workerman\Events\Select->tick()
#2 /root/www/concurrent/php/workerman/Workerman-master/Worker.php(2419): Workerman\Events\Select->loop()
#3 /root/www/concurrent/php/workerman/Workerman-master/Worker.php(1543): Workerman\Worker->run()
#4 /root/www/concurrent/php/workerman/Workerman-master/Worker.php(1373): Workerman\Worker::forkOneWorkerForLinux(Object(Workerman\Worker))
#5 /root/www/concurrent/php/workerman/Workerman-master/Worker.php(1347): Workerman\Worker::forkWorkersForLinux()
#6 /root/www/concurrent/php/workerman/Workerman-master/Worker.php(542): Workerman\Worker::forkWorkers()
#7 /root/www/concurrent/php/workerman/test.php(19): Workerman\Worker::runAll()
#8 {main}
  thrown in /root/www/concurrent/php/workerman/test.php on line 13"
2021-04-14 16:37:45 pid:6574 Worker[6574] process terminated with ERROR: E_ERROR "Uncaught Error: Access to undeclared static property: Workerman\Worker::$id in /root/www/concurrent/php/workerman/test.php:13
Stack trace:
#0 /root/www/concurrent/php/workerman/Workerman-master/Events/Select.php(232): {closure}()
#1 /root/www/concurrent/php/workerman/Workerman-master/Events/Select.php(282): Workerman\Events\Select->tick()
#2 /root/www/concurrent/php/workerman/Workerman-master/Worker.php(2419): Workerman\Events\Select->loop()
#3 /root/www/concurrent/php/workerman/Workerman-master/Worker.php(1543): Workerman\Worker->run()
#4 /root/www/concurrent/php/workerman/Workerman-master/Worker.php(1373): Workerman\Worker::forkOneWorkerForLinux(Object(Workerman\Worker))
#5 /root/www/concurrent/php/workerman/Workerman-master/Worker.php(1347): Workerman\Worker::forkWorkersForLinux()
#6 /root/www/concurrent/php/workerman/Workerman-master/Worker.php(542): Workerman\Worker::forkWorkers()
#7 /root/www/concurrent/php/workerman/test.php(19): Workerman\Worker::runAll()
#8 {main}
  thrown in /root/www/concurrent/php/workerman/test.php on line 13"
2021-04-14 16:37:45 pid:6572 worker[none:6573] exit with status 65280
2021-04-14 16:37:45 pid:6577 Worker[6577] process terminated with ERROR: E_ERROR "Uncaught Error: Access to undeclared static property: Workerman\Worker::$id in /root/www/concurrent/php/workerman/test.php:13
Stack trace:
#0 /root/www/concurrent/php/workerman/Workerman-master/Events/Select.php(232): {closure}()
#1 /root/www/concurrent/php/workerman/Workerman-master/Events/Select.php(282): Workerman\Events\Select->tick()
#2 /root/www/concurrent/php/workerman/Workerman-master/Worker.php(2419): Workerman\Events\Select->loop()
#3 /root/www/concurrent/php/workerman/Workerman-master/Worker.php(1543): Workerman\Worker->run()
#4 /root/www/concurrent/php/workerman/Workerman-master/Worker.php(1373): Workerman\Worker::forkOneWorkerForLinux(Object(Workerman\Worker))
#5 /root/www/concurrent/php/workerman/Workerman-master/Worker.php(1347): Workerman\Worker::forkWorkersForLinux()
#6 /root/www/concurrent/php/workerman/Workerman-master/Worker.php(542): Workerman\Worker::forkWorkers()
#7 /root/www/concurrent/php/workerman/test.php(19): Workerman\Worker::runAll()
#8 {main}
  thrown in /root/www/concurrent/php/workerman/test.php on line 13"
2021-04-14 16:37:45 pid:6572 worker[none:6574] exit with status 65280
2021-04-14 16:37:45 pid:6572 worker[none:6576] exit with status 65280
2021-04-14 16:37:45 pid:6572 worker[none:6575] exit with status 65280
2021-04-14 16:37:45 pid:6572 worker[none:6577] exit with status 65280
2021-04-14 16:37:46 pid:6578 Worker[6578] process terminated with ERROR: E_ERROR "Uncaught Error: Access to undeclared static property: Workerman\Worker::$id in /root/www/concurrent/php/workerman/test.php:13
Stack trace:
#0 /root/www/concurrent/php/workerman/Workerman-master/Events/Select.php(232): {closure}()
#1 /root/www/concurrent/php/workerman/Workerman-master/Events/Select.php(282): Workerman\Events\Select->tick()
#2 /root/www/concurrent/php/workerman/Workerman-master/Worker.php(2419): Workerman\Events\Select->loop()
#3 /root/www/concurrent/php/workerman/Workerman-master/Worker.php(1543): Workerman\Worker->run()
#4 /root/www/concurrent/php/workerman/Workerman-master/Worker.php(1373): Workerman\Worker::forkOneWorkerForLinux(Object(Workerman\Worker))
#5 /root/www/concurrent/php/workerman/Workerman-master/Worker.php(1347): Workerman\Worker::forkWorkersForLinux()
#6 /root/www/concurrent/php/workerman/Workerman-master/Worker.php(1680): Workerman\Worker::forkWorkers()
#7 /root/www/concurrent/php/workerman/Workerman-master/Worker.php(1629): Workerman\Worker::monitorWorkersForLinux()
#8 /root in /root/www/concurrent/php/workerman/test.php on line 13"
2021-04-14 16:37:46 pid:6579 Worker[6579] process terminated with ERROR: E_ERROR "Uncaught Error: Access to undeclared static property: Workerman\Worker::$id in /root/www/concurrent/php/workerman/test.php:13
Stack trace:
#0 /root/www/concurrent/php/workerman/Workerman-master/Events/Select.php(232): {closure}()
#1 /root/www/concurrent/php/workerman/Workerman-master/Events/Select.php(282): Workerman\Events\Select->tick()
#2 /root/www/concurrent/php/workerman/Workerman-master/Worker.php(2419): Workerman\Events\Select->loop()
#3 /root/www/concurrent/php/workerman/Workerman-master/Worker.php(1543): Workerman\Worker->run()
#4 /root/www/concurrent/php/workerman/Workerman-master/Worker.php(1373): Workerman\Worker::forkOneWorkerForLinux(Object(Workerman\Worker))
#5 /root/www/concurrent/php/workerman/Workerman-master/Worker.php(1347): Workerman\Worker::forkWorkersForLinux()
#6 /root/www/concurrent/php/workerman/Workerman-master/Worker.php(1680): Workerman\Worker::forkWorkers()
#7 /root/www/concurrent/php/workerman/Workerman-master/Worker.php(1629): Workerman\Worker::monitorWorkersForLinux()
#8 /root in /root/www/concurrent/php/workerman/test.php on line 13"
2021-04-14 16:37:46 pid:6580 Worker[6580] process terminated with ERROR: E_ERROR "Uncaught Error: Access to undeclared static property: Workerman\Worker::$id in /root/www/concurrent/php/workerman/test.php:13
Stack trace:
#0 /root/www/concurrent/php/workerman/Workerman-master/Events/Select.php(232): {closure}()
#1 /root/www/concurrent/php/workerman/Workerman-master/Events/Select.php(282): Workerman\Events\Select->tick()
#2 /root/www/concurrent/php/workerman/Workerman-master/Worker.php(2419): Workerman\Events\Select->loop()
#3 /root/www/concurrent/php/workerman/Workerman-master/Worker.php(1543): Workerman\Worker->run()
#4 /root/www/concurrent/php/workerman/Workerman-master/Worker.php(1373): Workerman\Worker::forkOneWorkerForLinux(Object(Workerman\Worker))
#5 /root/www/concurrent/php/workerman/Workerman-master/Worker.php(1347): Workerman\Worker::forkWorkersForLinux()
#6 /root/www/concurrent/php/workerman/Workerman-master/Worker.php(1680): Workerman\Worker::forkWorkers()
#7 /root/www/concurrent/php/workerman/Workerman-master/Worker.php(1629): Workerman\Worker::monitorWorkersForLinux()
#8 /root in /root/www/concurrent/php/workerman/test.php on line 13"
2021-04-14 16:37:46 pid:6572 worker[none:6578] exit with status 65280
2021-04-14 16:37:46 pid:6581 Worker[6581] process terminated with ERROR: E_ERROR "Uncaught Error: Access to undeclared static property: Workerman\Worker::$id in /root/www/concurrent/php/workerman/test.php:13
Stack trace:
#0 /root/www/concurrent/php/workerman/Workerman-master/Events/Select.php(232): {closure}()
#1 /root/www/concurrent/php/workerman/Workerman-master/Events/Select.php(282): Workerman\Events\Select->tick()
#2 /root/www/concurrent/php/workerman/Workerman-master/Worker.php(2419): Workerman\Events\Select->loop()
#3 /root/www/concurrent/php/workerman/Workerman-master/Worker.php(1543): Workerman\Worker->run()
#4 /root/www/concurrent/php/workerman/Workerman-master/Worker.php(1373): Workerman\Worker::forkOneWorkerForLinux(Object(Workerman\Worker))
#5 /root/www/concurrent/php/workerman/Workerman-master/Worker.php(1347): Workerman\Worker::forkWorkersForLinux()
#6 /root/www/concurrent/php/workerman/Workerman-master/Worker.php(1680): Workerman\Worker::forkWorkers()
#7 /root/www/concurrent/php/workerman/Workerman-master/Worker.php(1629): Workerman\Worker::monitorWorkersForLinux()
#8 /root in /root/www/concurrent/php/workerman/test.php on line 13"
2021-04-14 16:37:46 pid:6582 Worker[6582] process terminated with ERROR: E_ERROR "Uncaught Error: Access to undeclared static property: Workerman\Worker::$id in /root/www/concurrent/php/workerman/test.php:13
Stack trace:
#0 /root/www/concurrent/php/workerman/Workerman-master/Events/Select.php(232): {closure}()
#1 /root/www/concurrent/php/workerman/Workerman-master/Events/Select.php(282): Workerman\Events\Select->tick()
#2 /root/www/concurrent/php/workerman/Workerman-master/Worker.php(2419): Workerman\Events\Select->loop()
#3 /root/www/concurrent/php/workerman/Workerman-master/Worker.php(1543): Workerman\Worker->run()
#4 /root/www/concurrent/php/workerman/Workerman-master/Worker.php(1373): Workerman\Worker::forkOneWorkerForLinux(Object(Workerman\Worker))
#5 /root/www/concurrent/php/workerman/Workerman-master/Worker.php(1347): Workerman\Worker::forkWorkersForLinux()
#6 /root/www/concurrent/php/workerman/Workerman-master/Worker.php(1680): Workerman\Worker::forkWorkers()
#7 /root/www/concurrent/php/workerman/Workerman-master/Worker.php(1629): Workerman\Worker::monitorWorkersForLinux()
#8 /root in /root/www/concurrent/php/workerman/test.php on line 13"
2021-04-14 16:37:46 pid:6572 worker[none:6579] exit with status 65280
2021-04-14 16:37:46 pid:6572 worker[none:6580] exit with status 65280
2021-04-14 16:37:46 pid:6572 worker[none:6581] exit with status 65280
2021-04-14 16:37:46 pid:6572 worker[none:6582] exit with status 65280
2021-04-14 16:37:47 pid:6583 Worker[6583] process terminated with ERROR: E_ERROR "Uncaught Error: Access to undeclared static property: Workerman\Worker::$id in /root/www/concurrent/php/workerman/test.php:13
Stack trace:
#0 /root/www/concurrent/php/workerman/Workerman-master/Events/Select.php(232): {closure}()
#1 /root/www/concurrent/php/workerman/Workerman-master/Events/Select.php(282): Workerman\Events\Select->tick()
#2 /root/www/concurrent/php/workerman/Workerman-master/Worker.php(2419): Workerman\Events\Select->loop()
#3 /root/www/concurrent/php/workerman/Workerman-master/Worker.php(1543): Workerman\Worker->run()
#4 /root/www/concurrent/php/workerman/Workerman-master/Worker.php(1373): Workerman\Worker::forkOneWorkerForLinux(Object(Workerman\Worker))
#5 /root/www/concurrent/php/workerman/Workerman-master/Worker.php(1347): Workerman\Worker::forkWorkersForLinux()
#6 /root/www/concurrent/php/workerman/Workerman-master/Worker.php(1680): Workerman\Worker::forkWorkers()
#7 /root/www/concurrent/php/workerman/Workerman-master/Worker.php(1629): Workerman\Worker::monitorWorkersForLinux()
#8 /root in /root/www/concurrent/php/workerman/test.php on line 13"
2021-04-14 16:37:47 pid:6585 Worker[6585] process terminated with ERROR: E_ERROR "Uncaught Error: Access to undeclared static property: Workerman\Worker::$id in /root/www/concurrent/php/workerman/test.php:13
Stack trace:
#0 /root/www/concurrent/php/workerman/Workerman-master/Events/Select.php(232): {closure}()
#1 /root/www/concurrent/php/workerman/Workerman-master/Events/Select.php(282): Workerman\Events\Select->tick()
#2 /root/www/concurrent/php/workerman/Workerman-master/Worker.php(2419): Workerman\Events\Select->loop()
#3 /root/www/concurrent/php/workerman/Workerman-master/Worker.php(1543): Workerman\Worker->run()
#4 /root/www/concurrent/php/workerman/Workerman-master/Worker.php(1373): Workerman\Worker::forkOneWorkerForLinux(Object(Workerman\Worker))
#5 /root/www/concurrent/php/workerman/Workerman-master/Worker.php(1347): Workerman\Worker::forkWorkersForLinux()
#6 /root/www/concurrent/php/workerman/Workerman-master/Worker.php(1680): Workerman\Worker::forkWorkers()
#7 /root/www/concurrent/php/workerman/Workerman-master/Worker.php(1629): Workerman\Worker::monitorWorkersForLinux()
#8 /root in /root/www/concurrent/php/workerman/test.php on line 13"
2021-04-14 16:37:47 pid:6572 worker[none:6583] exit with status 65280
2021-04-14 16:37:47 pid:6584 Worker[6584] process terminated with ERROR: E_ERROR "Uncaught Error: Access to undeclared static property: Workerman\Worker::$id in /root/www/concurrent/php/workerman/test.php:13
Stack trace:
#0 /root/www/concurrent/php/workerman/Workerman-master/Events/Select.php(232): {closure}()
#1 /root/www/concurrent/php/workerman/Workerman-master/Events/Select.php(282): Workerman\Events\Select->tick()
#2 /root/www/concurrent/php/workerman/Workerman-master/Worker.php(2419): Workerman\Events\Select->loop()
#3 /root/www/concurrent/php/workerman/Workerman-master/Worker.php(1543): Workerman\Worker->run()
#4 /root/www/concurrent/php/workerman/Workerman-master/Worker.php(1373): Workerman\Worker::forkOneWorkerForLinux(Object(Workerman\Worker))
#5 /root/www/concurrent/php/workerman/Workerman-master/Worker.php(1347): Workerman\Worker::forkWorkersForLinux()
#6 /root/www/concurrent/php/workerman/Workerman-master/Worker.php(1680): Workerman\Worker::forkWorkers()
#7 /root/www/concurrent/php/workerman/Workerman-master/Worker.php(1629): Workerman\Worker::monitorWorkersForLinux()
#8 /root in /root/www/concurrent/php/workerman/test.php on line 13"
2021-04-14 16:37:47 pid:6572 worker[none:6585] exit with status 65280
2021-04-14 16:37:47 pid:6586 Worker[6586] process terminated with ERROR: E_ERROR "Uncaught Error: Access to undeclared static property: Workerman\Worker::$id in /root/www/concurrent/php/workerman/test.php:13
Stack trace:
#0 /root/www/concurrent/php/workerman/Workerman-master/Events/Select.php(232): {closure}()
#1 /root/www/concurrent/php/workerman/Workerman-master/Events/Select.php(282): Workerman\Events\Select->tick()
#2 /root/www/concurrent/php/workerman/Workerman-master/Worker.php(2419): Workerman\Events\Select->loop()
#3 /root/www/concurrent/php/workerman/Workerman-master/Worker.php(1543): Workerman\Worker->run()
#4 /root/www/concurrent/php/workerman/Workerman-master/Worker.php(1373): Workerman\Worker::forkOneWorkerForLinux(Object(Workerman\Worker))
#5 /root/www/concurrent/php/workerman/Workerman-master/Worker.php(1347): Workerman\Worker::forkWorkersForLinux()
#6 /root/www/concurrent/php/workerman/Workerman-master/Worker.php(1680): Workerman\Worker::forkWorkers()
#7 /root/www/concurrent/php/workerman/Workerman-master/Worker.php(1629): Workerman\Worker::monitorWorkersForLinux()
#8 /root in /root/www/concurrent/php/workerman/test.php on line 13"
2021-04-14 16:37:47 pid:6587 Worker[6587] process terminated with ERROR: E_ERROR "Uncaught Error: Access to undeclared static property: Workerman\Worker::$id in /root/www/concurrent/php/workerman/test.php:13
Stack trace:
#0 /root/www/concurrent/php/workerman/Workerman-master/Events/Select.php(232): {closure}()
#1 /root/www/concurrent/php/workerman/Workerman-master/Events/Select.php(282): Workerman\Events\Select->tick()
#2 /root/www/concurrent/php/workerman/Workerman-master/Worker.php(2419): Workerman\Events\Select->loop()
#3 /root/www/concurrent/php/workerman/Workerman-master/Worker.php(1543): Workerman\Worker->run()
#4 /root/www/concurrent/php/workerman/Workerman-master/Worker.php(1373): Workerman\Worker::forkOneWorkerForLinux(Object(Workerman\Worker))
#5 /root/www/concurrent/php/workerman/Workerman-master/Worker.php(1347): Workerman\Worker::forkWorkersForLinux()
#6 /root/www/concurrent/php/workerman/Workerman-master/Worker.php(1680): Workerman\Worker::forkWorkers()
#7 /root/www/concurrent/php/workerman/Workerman-master/Worker.php(1629): Workerman\Worker::monitorWorkersForLinux()
#8 /root in /root/www/concurrent/php/workerman/test.php on line 13"
2021-04-14 16:37:47 pid:6572 worker[none:6584] exit with status 65280
2021-04-14 16:37:47 pid:6572 worker[none:6586] exit with status 65280
2021-04-14 16:37:47 pid:6572 worker[none:6587] exit with status 65280
2021-04-14 16:37:48 pid:6588 Worker[6588] process terminated with ERROR: E_ERROR "Uncaught Error: Access to undeclared static property: Workerman\Worker::$id in /root/www/concurrent/php/workerman/test.php:13
Stack trace:
#0 /root/www/concurrent/php/workerman/Workerman-master/Events/Select.php(232): {closure}()
#1 /root/www/concurrent/php/workerman/Workerman-master/Events/Select.php(282): Workerman\Events\Select->tick()
#2 /root/www/concurrent/php/workerman/Workerman-master/Worker.php(2419): Workerman\Events\Select->loop()
#3 /root/www/concurrent/php/workerman/Workerman-master/Worker.php(1543): Workerman\Worker->run()
#4 /root/www/concurrent/php/workerman/Workerman-master/Worker.php(1373): Workerman\Worker::forkOneWorkerForLinux(Object(Workerman\Worker))
#5 /root/www/concurrent/php/workerman/Workerman-master/Worker.php(1347): Workerman\Worker::forkWorkersForLinux()
#6 /root/www/concurrent/php/workerman/Workerman-master/Worker.php(1680): Workerman\Worker::forkWorkers()
#7 /root/www/concurrent/php/workerman/Workerman-master/Worker.php(1629): Workerman\Worker::monitorWorkersForLinux()
#8 /root in /root/www/concurrent/php/workerman/test.php on line 13"
2021-04-14 16:37:48 pid:6572 worker[none:6588] exit with status 65280
2021-04-14 16:37:48 pid:6589 Worker[6589] process terminated with ERROR: E_ERROR "Uncaught Error: Access to undeclared static property: Workerman\Worker::$id in /root/www/concurrent/php/workerman/test.php:13
Stack trace:
#0 /root/www/concurrent/php/workerman/Workerman-master/Events/Select.php(232): {closure}()
#1 /root/www/concurrent/php/workerman/Workerman-master/Events/Select.php(282): Workerman\Events\Select->tick()
#2 /root/www/concurrent/php/workerman/Workerman-master/Worker.php(2419): Workerman\Events\Select->loop()
#3 /root/www/concurrent/php/workerman/Workerman-master/Worker.php(1543): Workerman\Worker->run()
#4 /root/www/concurrent/php/workerman/Workerman-master/Worker.php(1373): Workerman\Worker::forkOneWorkerForLinux(Object(Workerman\Worker))
#5 /root/www/concurrent/php/workerman/Workerman-master/Worker.php(1347): Workerman\Worker::forkWorkersForLinux()
#6 /root/www/concurrent/php/workerman/Workerman-master/Worker.php(1680): Workerman\Worker::forkWorkers()
#7 /root/www/concurrent/php/workerman/Workerman-master/Worker.php(1629): Workerman\Worker::monitorWorkersForLinux()
#8 /root in /root/www/concurrent/php/workerman/test.php on line 13"
2021-04-14 16:37:48 pid:6572 worker[none:6589] exit with status 65280
2021-04-14 16:37:48 pid:6590 Worker[6590] process terminated with ERROR: E_ERROR "Uncaught Error: Access to undeclared static property: Workerman\Worker::$id in /root/www/concurrent/php/workerman/test.php:13
Stack trace:
#0 /root/www/concurrent/php/workerman/Workerman-master/Events/Select.php(232): {closure}()
#1 /root/www/concurrent/php/workerman/Workerman-master/Events/Select.php(282): Workerman\Events\Select->tick()
#2 /root/www/concurrent/php/workerman/Workerman-master/Worker.php(2419): Workerman\Events\Select->loop()
#3 /root/www/concurrent/php/workerman/Workerman-master/Worker.php(1543): Workerman\Worker->run()
#4 /root/www/concurrent/php/workerman/Workerman-master/Worker.php(1373): Workerman\Worker::forkOneWorkerForLinux(Object(Workerman\Worker))
#5 /root/www/concurrent/php/workerman/Workerman-master/Worker.php(1347): Workerman\Worker::forkWorkersForLinux()
#6 /root/www/concurrent/php/workerman/Workerman-master/Worker.php(1680): Workerman\Worker::forkWorkers()
#7 /root/www/concurrent/php/workerman/Workerman-master/Worker.php(1629): Workerman\Worker::monitorWorkersForLinux()
#8 /root in /root/www/concurrent/php/workerman/test.php on line 13"
2021-04-14 16:37:48 pid:6591 Worker[6591] process terminated with ERROR: E_ERROR "Uncaught Error: Access to undeclared static property: Workerman\Worker::$id in /root/www/concurrent/php/workerman/test.php:13
Stack trace:
#0 /root/www/concurrent/php/workerman/Workerman-master/Events/Select.php(232): {closure}()
#1 /root/www/concurrent/php/workerman/Workerman-master/Events/Select.php(282): Workerman\Events\Select->tick()
#2 /root/www/concurrent/php/workerman/Workerman-master/Worker.php(2419): Workerman\Events\Select->loop()
#3 /root/www/concurrent/php/workerman/Workerman-master/Worker.php(1543): Workerman\Worker->run()
#4 /root/www/concurrent/php/workerman/Workerman-master/Worker.php(1373): Workerman\Worker::forkOneWorkerForLinux(Object(Workerman\Worker))
#5 /root/www/concurrent/php/workerman/Workerman-master/Worker.php(1347): Workerman\Worker::forkWorkersForLinux()
#6 /root/www/concurrent/php/workerman/Workerman-master/Worker.php(1680): Workerman\Worker::forkWorkers()
#7 /root/www/concurrent/php/workerman/Workerman-master/Worker.php(1629): Workerman\Worker::monitorWorkersForLinux()
#8 /root in /root/www/concurrent/php/workerman/test.php on line 13"
2021-04-14 16:37:48 pid:6592 Worker[6592] process terminated with ERROR: E_ERROR "Uncaught Error: Access to undeclared static property: Workerman\Worker::$id in /root/www/concurrent/php/workerman/test.php:13
Stack trace:
#0 /root/www/concurrent/php/workerman/Workerman-master/Events/Select.php(232): {closure}()
#1 /root/www/concurrent/php/workerman/Workerman-master/Events/Select.php(282): Workerman\Events\Select->tick()
#2 /root/www/concurrent/php/workerman/Workerman-master/Worker.php(2419): Workerman\Events\Select->loop()
#3 /root/www/concurrent/php/workerman/Workerman-master/Worker.php(1543): Workerman\Worker->run()
#4 /root/www/concurrent/php/workerman/Workerman-master/Worker.php(1373): Workerman\Worker::forkOneWorkerForLinux(Object(Workerman\Worker))
#5 /root/www/concurrent/php/workerman/Workerman-master/Worker.php(1347): Workerman\Worker::forkWorkersForLinux()
#6 /root/www/concurrent/php/workerman/Workerman-master/Worker.php(1680): Workerman\Worker::forkWorkers()
#7 /root/www/concurrent/php/workerman/Workerman-master/Worker.php(1629): Workerman\Worker::monitorWorkersForLinux()
#8 /root in /root/www/concurrent/php/workerman/test.php on line 13"
2021-04-14 16:37:48 pid:6572 worker[none:6590] exit with status 65280
2021-04-14 16:37:48 pid:6572 worker[none:6592] exit with status 65280
2021-04-14 16:37:48 pid:6572 worker[none:6591] exit with status 65280
2021-04-14 16:37:49 pid:6593 Worker[6593] process terminated with ERROR: E_ERROR "Uncaught Error: Access to undeclared static property: Workerman\Worker::$id in /root/www/concurrent/php/workerman/test.php:13
Stack trace:
#0 /root/www/concurrent/php/workerman/Workerman-master/Events/Select.php(232): {closure}()
#1 /root/www/concurrent/php/workerman/Workerman-master/Events/Select.php(282): Workerman\Events\Select->tick()
#2 /root/www/concurrent/php/workerman/Workerman-master/Worker.php(2419): Workerman\Events\Select->loop()
#3 /root/www/concurrent/php/workerman/Workerman-master/Worker.php(1543): Workerman\Worker->run()
#4 /root/www/concurrent/php/workerman/Workerman-master/Worker.php(1373): Workerman\Worker::forkOneWorkerForLinux(Object(Workerman\Worker))
#5 /root/www/concurrent/php/workerman/Workerman-master/Worker.php(1347): Workerman\Worker::forkWorkersForLinux()
#6 /root/www/concurrent/php/workerman/Workerman-master/Worker.php(1680): Workerman\Worker::forkWorkers()
#7 /root/www/concurrent/php/workerman/Workerman-master/Worker.php(1629): Workerman\Worker::monitorWorkersForLinux()
#8 /root in /root/www/concurrent/php/workerman/test.php on line 13"
2021-04-14 16:37:49 pid:6572 worker[none:6593] exit with status 65280
2021-04-14 16:37:49 pid:6594 Worker[6594] process terminated with ERROR: E_ERROR "Uncaught Error: Access to undeclared static property: Workerman\Worker::$id in /root/www/concurrent/php/workerman/test.php:13
Stack trace:
#0 /root/www/concurrent/php/workerman/Workerman-master/Events/Select.php(232): {closure}()
#1 /root/www/concurrent/php/workerman/Workerman-master/Events/Select.php(282): Workerman\Events\Select->tick()
#2 /root/www/concurrent/php/workerman/Workerman-master/Worker.php(2419): Workerman\Events\Select->loop()
#3 /root/www/concurrent/php/workerman/Workerman-master/Worker.php(1543): Workerman\Worker->run()
#4 /root/www/concurrent/php/workerman/Workerman-master/Worker.php(1373): Workerman\Worker::forkOneWorkerForLinux(Object(Workerman\Worker))
#5 /root/www/concurrent/php/workerman/Workerman-master/Worker.php(1347): Workerman\Worker::forkWorkersForLinux()
#6 /root/www/concurrent/php/workerman/Workerman-master/Worker.php(1680): Workerman\Worker::forkWorkers()
#7 /root/www/concurrent/php/workerman/Workerman-master/Worker.php(1629): Workerman\Worker::monitorWorkersForLinux()
#8 /root in /root/www/concurrent/php/workerman/test.php on line 13"
2021-04-14 16:37:49 pid:6572 worker[none:6594] exit with status 65280
2021-04-14 16:37:49 pid:6595 Worker[6595] process terminated with ERROR: E_ERROR "Uncaught Error: Access to undeclared static property: Workerman\Worker::$id in /root/www/concurrent/php/workerman/test.php:13
Stack trace:
#0 /root/www/concurrent/php/workerman/Workerman-master/Events/Select.php(232): {closure}()
#1 /root/www/concurrent/php/workerman/Workerman-master/Events/Select.php(282): Workerman\Events\Select->tick()
#2 /root/www/concurrent/php/workerman/Workerman-master/Worker.php(2419): Workerman\Events\Select->loop()
#3 /root/www/concurrent/php/workerman/Workerman-master/Worker.php(1543): Workerman\Worker->run()
#4 /root/www/concurrent/php/workerman/Workerman-master/Worker.php(1373): Workerman\Worker::forkOneWorkerForLinux(Object(Workerman\Worker))
#5 /root/www/concurrent/php/workerman/Workerman-master/Worker.php(1347): Workerman\Worker::forkWorkersForLinux()
#6 /root/www/concurrent/php/workerman/Workerman-master/Worker.php(1680): Workerman\Worker::forkWorkers()
#7 /root/www/concurrent/php/workerman/Workerman-master/Worker.php(1629): Workerman\Worker::monitorWorkersForLinux()
#8 /root in /root/www/concurrent/php/workerman/test.php on line 13"
2021-04-14 16:37:49 pid:6572 worker[none:6595] exit with status 65280
2021-04-14 16:37:49 pid:6596 Worker[6596] process terminated with ERROR: E_ERROR "Uncaught Error: Access to undeclared static property: Workerman\Worker::$id in /root/www/concurrent/php/workerman/test.php:13
Stack trace:
#0 /root/www/concurrent/php/workerman/Workerman-master/Events/Select.php(232): {closure}()
#1 /root/www/concurrent/php/workerman/Workerman-master/Events/Select.php(282): Workerman\Events\Select->tick()
#2 /root/www/concurrent/php/workerman/Workerman-master/Worker.php(2419): Workerman\Events\Select->loop()
#3 /root/www/concurrent/php/workerman/Workerman-master/Worker.php(1543): Workerman\Worker->run()
#4 /root/www/concurrent/php/workerman/Workerman-master/Worker.php(1373): Workerman\Worker::forkOneWorkerForLinux(Object(Workerman\Worker))
#5 /root/www/concurrent/php/workerman/Workerman-master/Worker.php(1347): Workerman\Worker::forkWorkersForLinux()
#6 /root/www/concurrent/php/workerman/Workerman-master/Worker.php(1680): Workerman\Worker::forkWorkers()
#7 /root/www/concurrent/php/workerman/Workerman-master/Worker.php(1629): Workerman\Worker::monitorWorkersForLinux()
#8 /root in /root/www/concurrent/php/workerman/test.php on line 13"
2021-04-14 16:37:49 pid:6597 Worker[6597] process terminated with ERROR: E_ERROR "Uncaught Error: Access to undeclared static property: Workerman\Worker::$id in /root/www/concurrent/php/workerman/test.php:13
Stack trace:
#0 /root/www/concurrent/php/workerman/Workerman-master/Events/Select.php(232): {closure}()
#1 /root/www/concurrent/php/workerman/Workerman-master/Events/Select.php(282): Workerman\Events\Select->tick()
#2 /root/www/concurrent/php/workerman/Workerman-master/Worker.php(2419): Workerman\Events\Select->loop()
#3 /root/www/concurrent/php/workerman/Workerman-master/Worker.php(1543): Workerman\Worker->run()
#4 /root/www/concurrent/php/workerman/Workerman-master/Worker.php(1373): Workerman\Worker::forkOneWorkerForLinux(Object(Workerman\Worker))
#5 /root/www/concurrent/php/workerman/Workerman-master/Worker.php(1347): Workerman\Worker::forkWorkersForLinux()
#6 /root/www/concurrent/php/workerman/Workerman-master/Worker.php(1680): Workerman\Worker::forkWorkers()
#7 /root/www/concurrent/php/workerman/Workerman-master/Worker.php(1629): Workerman\Worker::monitorWorkersForLinux()
#8 /root in /root/www/concurrent/php/workerman/test.php on line 13"
2021-04-14 16:37:49 pid:6572 worker[none:6596] exit with status 65280
2021-04-14 16:37:49 pid:6572 worker[none:6597] exit with status 65280
2021-04-14 16:37:50 pid:6598 Worker[6598] process terminated with ERROR: E_ERROR "Uncaught Error: Access to undeclared static property: Workerman\Worker::$id in /root/www/concurrent/php/workerman/test.php:13
Stack trace:
#0 /root/www/concurrent/php/workerman/Workerman-master/Events/Select.php(232): {closure}()
#1 /root/www/concurrent/php/workerman/Workerman-master/Events/Select.php(282): Workerman\Events\Select->tick()
#2 /root/www/concurrent/php/workerman/Workerman-master/Worker.php(2419): Workerman\Events\Select->loop()
#3 /root/www/concurrent/php/workerman/Workerman-master/Worker.php(1543): Workerman\Worker->run()
#4 /root/www/concurrent/php/workerman/Workerman-master/Worker.php(1373): Workerman\Worker::forkOneWorkerForLinux(Object(Workerman\Worker))
#5 /root/www/concurrent/php/workerman/Workerman-master/Worker.php(1347): Workerman\Worker::forkWorkersForLinux()
#6 /root/www/concurrent/php/workerman/Workerman-master/Worker.php(1680): Workerman\Worker::forkWorkers()
#7 /root/www/concurrent/php/workerman/Workerman-master/Worker.php(1629): Workerman\Worker::monitorWorkersForLinux()
#8 /root in /root/www/concurrent/php/workerman/test.php on line 13"
2021-04-14 16:37:50 pid:6572 worker[none:6598] exit with status 65280
2021-04-14 16:37:50 pid:6599 Worker[6599] process terminated with ERROR: E_ERROR "Uncaught Error: Access to undeclared static property: Workerman\Worker::$id in /root/www/concurrent/php/workerman/test.php:13
Stack trace:
#0 /root/www/concurrent/php/workerman/Workerman-master/Events/Select.php(232): {closure}()
#1 /root/www/concurrent/php/workerman/Workerman-master/Events/Select.php(282): Workerman\Events\Select->tick()
#2 /root/www/concurrent/php/workerman/Workerman-master/Worker.php(2419): Workerman\Events\Select->loop()
#3 /root/www/concurrent/php/workerman/Workerman-master/Worker.php(1543): Workerman\Worker->run()
#4 /root/www/concurrent/php/workerman/Workerman-master/Worker.php(1373): Workerman\Worker::forkOneWorkerForLinux(Object(Workerman\Worker))
#5 /root/www/concurrent/php/workerman/Workerman-master/Worker.php(1347): Workerman\Worker::forkWorkersForLinux()
#6 /root/www/concurrent/php/workerman/Workerman-master/Worker.php(1680): Workerman\Worker::forkWorkers()
#7 /root/www/concurrent/php/workerman/Workerman-master/Worker.php(1629): Workerman\Worker::monitorWorkersForLinux()
#8 /root in /root/www/concurrent/php/workerman/test.php on line 13"
2021-04-14 16:37:50 pid:6572 worker[none:6599] exit with status 65280
2021-04-14 16:37:50 pid:6600 Worker[6600] process terminated with ERROR: E_ERROR "Uncaught Error: Access to undeclared static property: Workerman\Worker::$id in /root/www/concurrent/php/workerman/test.php:13
Stack trace:
#0 /root/www/concurrent/php/workerman/Workerman-master/Events/Select.php(232): {closure}()
#1 /root/www/concurrent/php/workerman/Workerman-master/Events/Select.php(282): Workerman\Events\Select->tick()
#2 /root/www/concurrent/php/workerman/Workerman-master/Worker.php(2419): Workerman\Events\Select->loop()
#3 /root/www/concurrent/php/workerman/Workerman-master/Worker.php(1543): Workerman\Worker->run()
#4 /root/www/concurrent/php/workerman/Workerman-master/Worker.php(1373): Workerman\Worker::forkOneWorkerForLinux(Object(Workerman\Worker))
#5 /root/www/concurrent/php/workerman/Workerman-master/Worker.php(1347): Workerman\Worker::forkWorkersForLinux()
#6 /root/www/concurrent/php/workerman/Workerman-master/Worker.php(1680): Workerman\Worker::forkWorkers()
#7 /root/www/concurrent/php/workerman/Workerman-master/Worker.php(1629): Workerman\Worker::monitorWorkersForLinux()
#8 /root in /root/www/concurrent/php/workerman/test.php on line 13"
2021-04-14 16:37:50 pid:6572 worker[none:6600] exit with status 65280
2021-04-14 16:37:50 pid:6601 Worker[6601] process terminated with ERROR: E_ERROR "Uncaught Error: Access to undeclared static property: Workerman\Worker::$id in /root/www/concurrent/php/workerman/test.php:13
Stack trace:
#0 /root/www/concurrent/php/workerman/Workerman-master/Events/Select.php(232): {closure}()
#1 /root/www/concurrent/php/workerman/Workerman-master/Events/Select.php(282): Workerman\Events\Select->tick()
#2 /root/www/concurrent/php/workerman/Workerman-master/Worker.php(2419): Workerman\Events\Select->loop()
#3 /root/www/concurrent/php/workerman/Workerman-master/Worker.php(1543): Workerman\Worker->run()
#4 /root/www/concurrent/php/workerman/Workerman-master/Worker.php(1373): Workerman\Worker::forkOneWorkerForLinux(Object(Workerman\Worker))
#5 /root/www/concurrent/php/workerman/Workerman-master/Worker.php(1347): Workerman\Worker::forkWorkersForLinux()
#6 /root/www/concurrent/php/workerman/Workerman-master/Worker.php(1680): Workerman\Worker::forkWorkers()
#7 /root/www/concurrent/php/workerman/Workerman-master/Worker.php(1629): Workerman\Worker::monitorWorkersForLinux()
#8 /root in /root/www/concurrent/php/workerman/test.php on line 13"
2021-04-14 16:37:50 pid:6602 Worker[6602] process terminated with ERROR: E_ERROR "Uncaught Error: Access to undeclared static property: Workerman\Worker::$id in /root/www/concurrent/php/workerman/test.php:13
Stack trace:
#0 /root/www/concurrent/php/workerman/Workerman-master/Events/Select.php(232): {closure}()
#1 /root/www/concurrent/php/workerman/Workerman-master/Events/Select.php(282): Workerman\Events\Select->tick()
#2 /root/www/concurrent/php/workerman/Workerman-master/Worker.php(2419): Workerman\Events\Select->loop()
#3 /root/www/concurrent/php/workerman/Workerman-master/Worker.php(1543): Workerman\Worker->run()
#4 /root/www/concurrent/php/workerman/Workerman-master/Worker.php(1373): Workerman\Worker::forkOneWorkerForLinux(Object(Workerman\Worker))
#5 /root/www/concurrent/php/workerman/Workerman-master/Worker.php(1347): Workerman\Worker::forkWorkersForLinux()
#6 /root/www/concurrent/php/workerman/Workerman-master/Worker.php(1680): Workerman\Worker::forkWorkers()
#7 /root/www/concurrent/php/workerman/Workerman-master/Worker.php(1629): Workerman\Worker::monitorWorkersForLinux()
#8 /root in /root/www/concurrent/php/workerman/test.php on line 13"
2021-04-14 16:37:50 pid:6572 worker[none:6601] exit with status 65280
2021-04-14 16:37:50 pid:6572 worker[none:6602] exit with status 65280
2021-04-14 16:37:51 pid:6603 Worker[6603] process terminated with ERROR: E_ERROR "Uncaught Error: Access to undeclared static property: Workerman\Worker::$id in /root/www/concurrent/php/workerman/test.php:13
Stack trace:
#0 /root/www/concurrent/php/workerman/Workerman-master/Events/Select.php(232): {closure}()
#1 /root/www/concurrent/php/workerman/Workerman-master/Events/Select.php(282): Workerman\Events\Select->tick()
#2 /root/www/concurrent/php/workerman/Workerman-master/Worker.php(2419): Workerman\Events\Select->loop()
#3 /root/www/concurrent/php/workerman/Workerman-master/Worker.php(1543): Workerman\Worker->run()
#4 /root/www/concurrent/php/workerman/Workerman-master/Worker.php(1373): Workerman\Worker::forkOneWorkerForLinux(Object(Workerman\Worker))
#5 /root/www/concurrent/php/workerman/Workerman-master/Worker.php(1347): Workerman\Worker::forkWorkersForLinux()
#6 /root/www/concurrent/php/workerman/Workerman-master/Worker.php(1680): Workerman\Worker::forkWorkers()
#7 /root/www/concurrent/php/workerman/Workerman-master/Worker.php(1629): Workerman\Worker::monitorWorkersForLinux()
#8 /root in /root/www/concurrent/php/workerman/test.php on line 13"
2021-04-14 16:37:51 pid:6604 Worker[6604] process terminated with ERROR: E_ERROR "Uncaught Error: Access to undeclared static property: Workerman\Worker::$id in /root/www/concurrent/php/workerman/test.php:13
Stack trace:
#0 /root/www/concurrent/php/workerman/Workerman-master/Events/Select.php(232): {closure}()
#1 /root/www/concurrent/php/workerman/Workerman-master/Events/Select.php(282): Workerman\Events\Select->tick()
#2 /root/www/concurrent/php/workerman/Workerman-master/Worker.php(2419): Workerman\Events\Select->loop()
#3 /root/www/concurrent/php/workerman/Workerman-master/Worker.php(1543): Workerman\Worker->run()
#4 /root/www/concurrent/php/workerman/Workerman-master/Worker.php(1373): Workerman\Worker::forkOneWorkerForLinux(Object(Workerman\Worker))
#5 /root/www/concurrent/php/workerman/Workerman-master/Worker.php(1347): Workerman\Worker::forkWorkersForLinux()
#6 /root/www/concurrent/php/workerman/Workerman-master/Worker.php(1680): Workerman\Worker::forkWorkers()
#7 /root/www/concurrent/php/workerman/Workerman-master/Worker.php(1629): Workerman\Worker::monitorWorkersForLinux()
#8 /root in /root/www/concurrent/php/workerman/test.php on line 13"
2021-04-14 16:37:51 pid:6605 Worker[6605] process terminated with ERROR: E_ERROR "Uncaught Error: Access to undeclared static property: Workerman\Worker::$id in /root/www/concurrent/php/workerman/test.php:13
Stack trace:
#0 /root/www/concurrent/php/workerman/Workerman-master/Events/Select.php(232): {closure}()
#1 /root/www/concurrent/php/workerman/Workerman-master/Events/Select.php(282): Workerman\Events\Select->tick()
#2 /root/www/concurrent/php/workerman/Workerman-master/Worker.php(2419): Workerman\Events\Select->loop()
#3 /root/www/concurrent/php/workerman/Workerman-master/Worker.php(1543): Workerman\Worker->run()
#4 /root/www/concurrent/php/workerman/Workerman-master/Worker.php(1373): Workerman\Worker::forkOneWorkerForLinux(Object(Workerman\Worker))
#5 /root/www/concurrent/php/workerman/Workerman-master/Worker.php(1347): Workerman\Worker::forkWorkersForLinux()
#6 /root/www/concurrent/php/workerman/Workerman-master/Worker.php(1680): Workerman\Worker::forkWorkers()
#7 /root/www/concurrent/php/workerman/Workerman-master/Worker.php(1629): Workerman\Worker::monitorWorkersForLinux()
#8 /root in /root/www/concurrent/php/workerman/test.php on line 13"
2021-04-14 16:37:51 pid:6572 worker[none:6603] exit with status 65280
2021-04-14 16:37:51 pid:6572 worker[none:6604] exit with status 65280
2021-04-14 16:37:51 pid:6572 worker[none:6605] exit with status 65280
2021-04-14 16:37:51 pid:6606 Worker[6606] process terminated with ERROR: E_ERROR "Uncaught Error: Access to undeclared static property: Workerman\Worker::$id in /root/www/concurrent/php/workerman/test.php:13
Stack trace:
#0 /root/www/concurrent/php/workerman/Workerman-master/Events/Select.php(232): {closure}()
#1 /root/www/concurrent/php/workerman/Workerman-master/Events/Select.php(282): Workerman\Events\Select->tick()
#2 /root/www/concurrent/php/workerman/Workerman-master/Worker.php(2419): Workerman\Events\Select->loop()
#3 /root/www/concurrent/php/workerman/Workerman-master/Worker.php(1543): Workerman\Worker->run()
#4 /root/www/concurrent/php/workerman/Workerman-master/Worker.php(1373): Workerman\Worker::forkOneWorkerForLinux(Object(Workerman\Worker))
#5 /root/www/concurrent/php/workerman/Workerman-master/Worker.php(1347): Workerman\Worker::forkWorkersForLinux()
#6 /root/www/concurrent/php/workerman/Workerman-master/Worker.php(1680): Workerman\Worker::forkWorkers()
#7 /root/www/concurrent/php/workerman/Workerman-master/Worker.php(1629): Workerman\Worker::monitorWorkersForLinux()
#8 /root in /root/www/concurrent/php/workerman/test.php on line 13"
2021-04-14 16:37:51 pid:6607 Worker[6607] process terminated with ERROR: E_ERROR "Uncaught Error: Access to undeclared static property: Workerman\Worker::$id in /root/www/concurrent/php/workerman/test.php:13
Stack trace:
#0 /root/www/concurrent/php/workerman/Workerman-master/Events/Select.php(232): {closure}()
#1 /root/www/concurrent/php/workerman/Workerman-master/Events/Select.php(282): Workerman\Events\Select->tick()
#2 /root/www/concurrent/php/workerman/Workerman-master/Worker.php(2419): Workerman\Events\Select->loop()
#3 /root/www/concurrent/php/workerman/Workerman-master/Worker.php(1543): Workerman\Worker->run()
#4 /root/www/concurrent/php/workerman/Workerman-master/Worker.php(1373): Workerman\Worker::forkOneWorkerForLinux(Object(Workerman\Worker))
#5 /root/www/concurrent/php/workerman/Workerman-master/Worker.php(1347): Workerman\Worker::forkWorkersForLinux()
#6 /root/www/concurrent/php/workerman/Workerman-master/Worker.php(1680): Workerman\Worker::forkWorkers()
#7 /root/www/concurrent/php/workerman/Workerman-master/Worker.php(1629): Workerman\Worker::monitorWorkersForLinux()
#8 /root in /root/www/concurrent/php/workerman/test.php on line 13"
2021-04-14 16:37:51 pid:6572 worker[none:6606] exit with status 65280
2021-04-14 16:37:51 pid:6572 worker[none:6607] exit with status 65280
2021-04-14 16:37:52 pid:6608 Worker[6608] process terminated with ERROR: E_ERROR "Uncaught Error: Access to undeclared static property: Workerman\Worker::$id in /root/www/concurrent/php/workerman/test.php:13
Stack trace:
#0 /root/www/concurrent/php/workerman/Workerman-master/Events/Select.php(232): {closure}()
#1 /root/www/concurrent/php/workerman/Workerman-master/Events/Select.php(282): Workerman\Events\Select->tick()
#2 /root/www/concurrent/php/workerman/Workerman-master/Worker.php(2419): Workerman\Events\Select->loop()
#3 /root/www/concurrent/php/workerman/Workerman-master/Worker.php(1543): Workerman\Worker->run()
#4 /root/www/concurrent/php/workerman/Workerman-master/Worker.php(1373): Workerman\Worker::forkOneWorkerForLinux(Object(Workerman\Worker))
#5 /root/www/concurrent/php/workerman/Workerman-master/Worker.php(1347): Workerman\Worker::forkWorkersForLinux()
#6 /root/www/concurrent/php/workerman/Workerman-master/Worker.php(1680): Workerman\Worker::forkWorkers()
#7 /root/www/concurrent/php/workerman/Workerman-master/Worker.php(1629): Workerman\Worker::monitorWorkersForLinux()
#8 /root in /root/www/concurrent/php/workerman/test.php on line 13"
2021-04-14 16:37:52 pid:6610 Worker[6610] process terminated with ERROR: E_ERROR "Uncaught Error: Access to undeclared static property: Workerman\Worker::$id in /root/www/concurrent/php/workerman/test.php:13
Stack trace:
#0 /root/www/concurrent/php/workerman/Workerman-master/Events/Select.php(232): {closure}()
#1 /root/www/concurrent/php/workerman/Workerman-master/Events/Select.php(282): Workerman\Events\Select->tick()
#2 /root/www/concurrent/php/workerman/Workerman-master/Worker.php(2419): Workerman\Events\Select->loop()
#3 /root/www/concurrent/php/workerman/Workerman-master/Worker.php(1543): Workerman\Worker->run()
#4 /root/www/concurrent/php/workerman/Workerman-master/Worker.php(1373): Workerman\Worker::forkOneWorkerForLinux(Object(Workerman\Worker))
#5 /root/www/concurrent/php/workerman/Workerman-master/Worker.php(1347): Workerman\Worker::forkWorkersForLinux()
#6 /root/www/concurrent/php/workerman/Workerman-master/Worker.php(1680): Workerman\Worker::forkWorkers()
#7 /root/www/concurrent/php/workerman/Workerman-master/Worker.php(1629): Workerman\Worker::monitorWorkersForLinux()
#8 /root in /root/www/concurrent/php/workerman/test.php on line 13"
2021-04-14 16:37:52 pid:6609 Worker[6609] process terminated with ERROR: E_ERROR "Uncaught Error: Access to undeclared static property: Workerman\Worker::$id in /root/www/concurrent/php/workerman/test.php:13
Stack trace:
#0 /root/www/concurrent/php/workerman/Workerman-master/Events/Select.php(232): {closure}()
#1 /root/www/concurrent/php/workerman/Workerman-master/Events/Select.php(282): Workerman\Events\Select->tick()
#2 /root/www/concurrent/php/workerman/Workerman-master/Worker.php(2419): Workerman\Events\Select->loop()
#3 /root/www/concurrent/php/workerman/Workerman-master/Worker.php(1543): Workerman\Worker->run()
#4 /root/www/concurrent/php/workerman/Workerman-master/Worker.php(1373): Workerman\Worker::forkOneWorkerForLinux(Object(Workerman\Worker))
#5 /root/www/concurrent/php/workerman/Workerman-master/Worker.php(1347): Workerman\Worker::forkWorkersForLinux()
#6 /root/www/concurrent/php/workerman/Workerman-master/Worker.php(1680): Workerman\Worker::forkWorkers()
#7 /root/www/concurrent/php/workerman/Workerman-master/Worker.php(1629): Workerman\Worker::monitorWorkersForLinux()
#8 /root in /root/www/concurrent/php/workerman/test.php on line 13"
2021-04-14 16:37:52 pid:6572 worker[none:6608] exit with status 65280
2021-04-14 16:37:52 pid:6572 worker[none:6609] exit with status 65280
2021-04-14 16:37:52 pid:6572 worker[none:6610] exit with status 65280
2021-04-14 16:37:52 pid:6611 Worker[6611] process terminated with ERROR: E_ERROR "Uncaught Error: Access to undeclared static property: Workerman\Worker::$id in /root/www/concurrent/php/workerman/test.php:13
Stack trace:
#0 /root/www/concurrent/php/workerman/Workerman-master/Events/Select.php(232): {closure}()
#1 /root/www/concurrent/php/workerman/Workerman-master/Events/Select.php(282): Workerman\Events\Select->tick()
#2 /root/www/concurrent/php/workerman/Workerman-master/Worker.php(2419): Workerman\Events\Select->loop()
#3 /root/www/concurrent/php/workerman/Workerman-master/Worker.php(1543): Workerman\Worker->run()
#4 /root/www/concurrent/php/workerman/Workerman-master/Worker.php(1373): Workerman\Worker::forkOneWorkerForLinux(Object(Workerman\Worker))
#5 /root/www/concurrent/php/workerman/Workerman-master/Worker.php(1347): Workerman\Worker::forkWorkersForLinux()
#6 /root/www/concurrent/php/workerman/Workerman-master/Worker.php(1680): Workerman\Worker::forkWorkers()
#7 /root/www/concurrent/php/workerman/Workerman-master/Worker.php(1629): Workerman\Worker::monitorWorkersForLinux()
#8 /root in /root/www/concurrent/php/workerman/test.php on line 13"
2021-04-14 16:37:52 pid:6612 Worker[6612] process terminated with ERROR: E_ERROR "Uncaught Error: Access to undeclared static property: Workerman\Worker::$id in /root/www/concurrent/php/workerman/test.php:13
Stack trace:
#0 /root/www/concurrent/php/workerman/Workerman-master/Events/Select.php(232): {closure}()
#1 /root/www/concurrent/php/workerman/Workerman-master/Events/Select.php(282): Workerman\Events\Select->tick()
#2 /root/www/concurrent/php/workerman/Workerman-master/Worker.php(2419): Workerman\Events\Select->loop()
#3 /root/www/concurrent/php/workerman/Workerman-master/Worker.php(1543): Workerman\Worker->run()
#4 /root/www/concurrent/php/workerman/Workerman-master/Worker.php(1373): Workerman\Worker::forkOneWorkerForLinux(Object(Workerman\Worker))
#5 /root/www/concurrent/php/workerman/Workerman-master/Worker.php(1347): Workerman\Worker::forkWorkersForLinux()
#6 /root/www/concurrent/php/workerman/Workerman-master/Worker.php(1680): Workerman\Worker::forkWorkers()
#7 /root/www/concurrent/php/workerman/Workerman-master/Worker.php(1629): Workerman\Worker::monitorWorkersForLinux()
#8 /root in /root/www/concurrent/php/workerman/test.php on line 13"
2021-04-14 16:37:52 pid:6572 worker[none:6611] exit with status 65280
2021-04-14 16:37:52 pid:6572 worker[none:6612] exit with status 65280
2021-04-14 16:37:52 pid:6572 Workerman[test.php] stopping ...
2021-04-14 16:37:52 pid:6572 Workerman[test.php] has been stopped
2021-04-14 16:39:25 pid:6624 Workerman[test.php] start in DEBUG mode
2021-04-14 16:39:40 pid:6624 Workerman[test.php] stopping ...
2021-04-14 16:39:40 pid:6624 Workerman[test.php] has been stopped
2021-04-14 17:39:54 pid:6790 Workerman[test.php] start in DEBUG mode
2021-04-14 17:45:25 pid:6790 Workerman[test.php] stopping ...
2021-04-14 17:45:25 pid:6790 Workerman[test.php] has been stopped
2021-04-14 17:45:31 pid:6811 Workerman[test.php] start in DEBUG mode
2021-04-14 18:27:28 pid:6811 Workerman[test.php] stopping ...
2021-04-14 18:27:28 pid:6811 Workerman[test.php] has been stopped
2021-04-14 18:27:29 pid:6919 Workerman[test.php] start in DEBUG mode
2021-04-14 18:28:28 pid:6919 Workerman[test.php] stopping ...
2021-04-14 18:28:28 pid:6919 Workerman[test.php] has been stopped
2021-04-14 18:28:28 pid:6925 Workerman[test.php] start in DEBUG mode
2021-04-14 18:32:30 pid:6925 Workerman[test.php] stopping ...
2021-04-14 18:32:30 pid:6925 Workerman[test.php] has been stopped
2021-04-14 18:32:31 pid:6938 Workerman[test.php] start in DEBUG mode
2021-04-14 20:54:16 pid:6938 Workerman[test.php] stopping ...
2021-04-14 20:54:16 pid:6938 Workerman[test.php] has been stopped
2021-04-14 20:54:18 pid:7319 Workerman[test.php] start in DEBUG mode
2021-04-15 12:49:21 pid:1052 Workerman[test.php] start in DEBUG mode
2021-04-15 12:49:50 pid:1052 Workerman[test.php] stopping ...
2021-04-15 12:49:50 pid:1052 Workerman[test.php] has been stopped
